# JRE version: OpenJDK Runtime Environment (17.0.11) (build 17.0.11+0--11852314)
# Java VM: OpenJDK 64-Bit Server VM (17.0.11+0--11852314, mixed mode, tiered, compressed oops, compressed class ptrs, g1 gc, windows-amd64)
GC Precious Log:
 CPUs: 4 total, 4 available
 Memory: 14283M
 Large Page Support: Disabled
 NUMA Support: Disabled
 Compressed Oops: Enabled (Zero based)
 Heap Region Size: 2M
 Heap Min Capacity: 8M
 Heap Initial Capacity: 8M
 Heap Max Capacity: 3572M
 Pre-touch: Disabled
 Parallel Workers: 4
 Concurrent Workers: 1
 Concurrent Refinement Workers: 4
 Periodic GC: Disabled
Heap:
 garbage-first heap   total 12288K, used 4394K [0x0000000720c00000, 0x0000000800000000)
  region size 2048K, 3 young (6144K), 1 survivors (2048K)
 Metaspace       used 14685K, committed 14848K, reserved 1114112K
  class space    used 1576K, committed 1664K, reserved 1048576K
GC Heap History (20 events):
Event: 1.332 GC heap before
{Heap before GC invocations=1 (full 0):
 garbage-first heap   total 8192K, used 704K [0x0000000720c00000, 0x0000000800000000)
  region size 2048K, 2 young (4096K), 1 survivors (2048K)
 Metaspace       used 7098K, committed 7232K, reserved 1114112K
  class space    used 653K, committed 704K, reserved 1048576K
}
Event: 1.334 GC heap after
{Heap after GC invocations=2 (full 0):
 garbage-first heap   total 8192K, used 905K [0x0000000720c00000, 0x0000000800000000)
  region size 2048K, 1 young (2048K), 1 survivors (2048K)
 Metaspace       used 7098K, committed 7232K, reserved 1114112K
  class space    used 653K, committed 704K, reserved 1048576K
}
Event: 1.468 GC heap before
{Heap before GC invocations=2 (full 0):
 garbage-first heap   total 8192K, used 905K [0x0000000720c00000, 0x0000000800000000)
  region size 2048K, 2 young (4096K), 1 survivors (2048K)
 Metaspace       used 8164K, committed 8256K, reserved 1114112K
  class space    used 790K, committed 832K, reserved 1048576K
}
Event: 1.470 GC heap after
{Heap after GC invocations=3 (full 0):
 garbage-first heap   total 8192K, used 1025K [0x0000000720c00000, 0x0000000800000000)
  region size 2048K, 1 young (2048K), 1 survivors (2048K)
 Metaspace       used 8164K, committed 8256K, reserved 1114112K
  class space    used 790K, committed 832K, reserved 1048576K
}
Event: 1.606 GC heap before
{Heap before GC invocations=3 (full 0):
 garbage-first heap   total 8192K, used 3073K [0x0000000720c00000, 0x0000000800000000)
  region size 2048K, 2 young (4096K), 1 survivors (2048K)
 Metaspace       used 9109K, committed 9216K, reserved 1114112K
  class space    used 907K, committed 960K, reserved 1048576K
}
Event: 1.608 GC heap after
{Heap after GC invocations=4 (full 0):
 garbage-first heap   total 8192K, used 1222K [0x0000000720c00000, 0x0000000800000000)
  region size 2048K, 1 young (2048K), 1 survivors (2048K)
 Metaspace       used 9109K, committed 9216K, reserved 1114112K
  class space    used 907K, committed 960K, reserved 1048576K
}
Event: 1.711 GC heap before
{Heap before GC invocations=4 (full 0):
 garbage-first heap   total 8192K, used 1222K [0x0000000720c00000, 0x0000000800000000)
  region size 2048K, 2 young (4096K), 1 survivors (2048K)
 Metaspace       used 9692K, committed 9920K, reserved 1114112K
  class space    used 1003K, committed 1088K, reserved 1048576K
}
Event: 1.713 GC heap after
{Heap after GC invocations=5 (full 0):
 garbage-first heap   total 10240K, used 1264K [0x0000000720c00000, 0x0000000800000000)
  region size 2048K, 1 young (2048K), 1 survivors (2048K)
 Metaspace       used 9692K, committed 9920K, reserved 1114112K
  class space    used 1003K, committed 1088K, reserved 1048576K
}
Event: 1.741 GC heap before
{Heap before GC invocations=5 (full 0):
 garbage-first heap   total 10240K, used 1264K [0x0000000720c00000, 0x0000000800000000)
  region size 2048K, 2 young (4096K), 1 survivors (2048K)
 Metaspace       used 9996K, committed 10176K, reserved 1114112K
  class space    used 1037K, committed 1088K, reserved 1048576K
}
Event: 1.742 GC heap after
{Heap after GC invocations=6 (full 0):
 garbage-first heap   total 10240K, used 1806K [0x0000000720c00000, 0x0000000800000000)
  region size 2048K, 1 young (2048K), 1 survivors (2048K)
 Metaspace       used 9996K, committed 10176K, reserved 1114112K
  class space    used 1037K, committed 1088K, reserved 1048576K
}
Event: 1.802 GC heap before
{Heap before GC invocations=6 (full 0):
 garbage-first heap   total 10240K, used 1806K [0x0000000720c00000, 0x0000000800000000)
  region size 2048K, 2 young (4096K), 1 survivors (2048K)
 Metaspace       used 10593K, committed 10752K, reserved 1114112K
  class space    used 1124K, committed 1216K, reserved 1048576K
}
Event: 1.804 GC heap after
{Heap after GC invocations=7 (full 0):
 garbage-first heap   total 10240K, used 1751K [0x0000000720c00000, 0x0000000800000000)
  region size 2048K, 1 young (2048K), 1 survivors (2048K)
 Metaspace       used 10593K, committed 10752K, reserved 1114112K
  class space    used 1124K, committed 1216K, reserved 1048576K
}
Event: 1.884 GC heap before
{Heap before GC invocations=7 (full 0):
 garbage-first heap   total 10240K, used 3799K [0x0000000720c00000, 0x0000000800000000)
  region size 2048K, 2 young (4096K), 1 survivors (2048K)
 Metaspace       used 11108K, committed 11264K, reserved 1114112K
  class space    used 1179K, committed 1280K, reserved 1048576K
}
Event: 1.885 GC heap after
{Heap after GC invocations=8 (full 0):
 garbage-first heap   total 10240K, used 1645K [0x0000000720c00000, 0x0000000800000000)
  region size 2048K, 1 young (2048K), 1 survivors (2048K)
 Metaspace       used 11108K, committed 11264K, reserved 1114112K
  class space    used 1179K, committed 1280K, reserved 1048576K
}
Event: 1.934 GC heap before
{Heap before GC invocations=8 (full 0):
 garbage-first heap   total 10240K, used 3693K [0x0000000720c00000, 0x0000000800000000)
  region size 2048K, 2 young (4096K), 1 survivors (2048K)
 Metaspace       used 11536K, committed 11648K, reserved 1114112K
  class space    used 1219K, committed 1280K, reserved 1048576K
}
Event: 1.935 GC heap after
{Heap after GC invocations=9 (full 0):
 garbage-first heap   total 12288K, used 1644K [0x0000000720c00000, 0x0000000800000000)
  region size 2048K, 1 young (2048K), 1 survivors (2048K)
 Metaspace       used 11536K, committed 11648K, reserved 1114112K
  class space    used 1219K, committed 1280K, reserved 1048576K
}
Event: 2.072 GC heap before
{Heap before GC invocations=9 (full 0):
 garbage-first heap   total 12288K, used 3692K [0x0000000720c00000, 0x0000000800000000)
  region size 2048K, 3 young (6144K), 1 survivors (2048K)
 Metaspace       used 12561K, committed 12672K, reserved 1114112K
  class space    used 1328K, committed 1408K, reserved 1048576K
}
Event: 2.074 GC heap after
{Heap after GC invocations=10 (full 0):
 garbage-first heap   total 12288K, used 1988K [0x0000000720c00000, 0x0000000800000000)
  region size 2048K, 1 young (2048K), 1 survivors (2048K)
 Metaspace       used 12561K, committed 12672K, reserved 1114112K
  class space    used 1328K, committed 1408K, reserved 1048576K
}
Event: 2.194 GC heap before
{Heap before GC invocations=10 (full 0):
 garbage-first heap   total 12288K, used 4036K [0x0000000720c00000, 0x0000000800000000)
  region size 2048K, 3 young (6144K), 1 survivors (2048K)
 Metaspace       used 13735K, committed 13952K, reserved 1114112K
  class space    used 1483K, committed 1600K, reserved 1048576K
}
Event: 2.196 GC heap after
{Heap after GC invocations=11 (full 0):
 garbage-first heap   total 12288K, used 2346K [0x0000000720c00000, 0x0000000800000000)
  region size 2048K, 1 young (2048K), 1 survivors (2048K)
 Metaspace       used 13735K, committed 13952K, reserved 1114112K
  class space    used 1483K, committed 1600K, reserved 1048576K
}

